The system is: Linux - 3.10.0-862.6.3.el7.x86_64 - x86_64
Compiling the C compiler identification source file "CMakeCCompilerId.c" succeeded.
Compiler: /bin/cc 
Build flags: 
Id flags:  

The output was:
0


Compilation of the C compiler identification source "CMakeCCompilerId.c" produced "a.out"

The C compiler identification is GNU, found in "/home/wwc129/Twolayer/build/CMakeFiles/3.8.0/CompilerIdC/a.out"

Compiling the CXX compiler identification source file "CMakeCXXCompilerId.cpp" succeeded.
Compiler: /data/wwc129/gcc_7.2.0/bin/g++ 
Build flags: -pthread
Id flags:  

The output was:
0


Compilation of the CXX compiler identification source "CMakeCXXCompilerId.cpp" produced "a.out"

The CXX compiler identification is GNU, found in "/home/wwc129/Twolayer/build/CMakeFiles/3.8.0/CompilerIdCXX/a.out"

Determining if the C compiler works passed with the following output:
Change Dir: /home/wwc129/Twolayer/build/CMakeFiles/CMakeTmp

Run Build Command:"/bin/gmake" "cmTC_706b5/fast"
/bin/gmake -f CMakeFiles/cmTC_706b5.dir/build.make CMakeFiles/cmTC_706b5.dir/build
gmake[1]: Entering directory `/home/wwc129/Twolayer/build/CMakeFiles/CMakeTmp'
Building C object CMakeFiles/cmTC_706b5.dir/testCCompiler.c.o
/bin/cc    -o CMakeFiles/cmTC_706b5.dir/testCCompiler.c.o   -c /home/wwc129/Twolayer/build/CMakeFiles/CMakeTmp/testCCompiler.c
Linking C executable cmTC_706b5
/home/wwc129/cmake-3.8.0-Linux-x86_64/bin/cmake -E cmake_link_script CMakeFiles/cmTC_706b5.dir/link.txt --verbose=1
/bin/cc      CMakeFiles/cmTC_706b5.dir/testCCompiler.c.o  -o cmTC_706b5 
gmake[1]: Leaving directory `/home/wwc129/Twolayer/build/CMakeFiles/CMakeTmp'


Detecting C compiler ABI info compiled with the following output:
Change Dir: /home/wwc129/Twolayer/build/CMakeFiles/CMakeTmp

Run Build Command:"/bin/gmake" "cmTC_66b9a/fast"
/bin/gmake -f CMakeFiles/cmTC_66b9a.dir/build.make CMakeFiles/cmTC_66b9a.dir/build
gmake[1]: Entering directory `/home/wwc129/Twolayer/build/CMakeFiles/CMakeTmp'
Building C object CMakeFiles/cmTC_66b9a.dir/CMakeCCompilerABI.c.o
/bin/cc    -o CMakeFiles/cmTC_66b9a.dir/CMakeCCompilerABI.c.o   -c /home/wwc129/cmake-3.8.0-Linux-x86_64/share/cmake-3.8/Modules/CMakeCCompilerABI.c
Linking C executable cmTC_66b9a
/home/wwc129/cmake-3.8.0-Linux-x86_64/bin/cmake -E cmake_link_script CMakeFiles/cmTC_66b9a.dir/link.txt --verbose=1
/bin/cc     -v CMakeFiles/cmTC_66b9a.dir/CMakeCCompilerABI.c.o  -o cmTC_66b9a 
Using built-in specs.
COLLECT_GCC=/bin/cc
COLLECT_LTO_WRAPPER=/usr/libexec/gcc/x86_64-redhat-linux/4.8.5/lto-wrapper
Target: x86_64-redhat-linux
Configured with: ../configure --prefix=/usr --mandir=/usr/share/man --infodir=/usr/share/info --with-bugurl=http://bugzilla.redhat.com/bugzilla --enable-bootstrap --enable-shared --enable-threads=posix --enable-checking=release --with-system-zlib --enable-__cxa_atexit --disable-libunwind-exceptions --enable-gnu-unique-object --enable-linker-build-id --with-linker-hash-style=gnu --enable-languages=c,c++,objc,obj-c++,java,fortran,ada,go,lto --enable-plugin --enable-initfini-array --disable-libgcj --with-isl=/builddir/build/BUILD/gcc-4.8.5-20150702/obj-x86_64-redhat-linux/isl-install --with-cloog=/builddir/build/BUILD/gcc-4.8.5-20150702/obj-x86_64-redhat-linux/cloog-install --enable-gnu-indirect-function --with-tune=generic --with-arch_32=x86-64 --build=x86_64-redhat-linux
Thread model: posix
gcc version 4.8.5 20150623 (Red Hat 4.8.5-28) (GCC) 
COMPILER_PATH=/usr/libexec/gcc/x86_64-redhat-linux/4.8.5/:/usr/libexec/gcc/x86_64-redhat-linux/4.8.5/:/usr/libexec/gcc/x86_64-redhat-linux/:/usr/lib/gcc/x86_64-redhat-linux/4.8.5/:/usr/lib/gcc/x86_64-redhat-linux/
LIBRARY_PATH=/usr/lib/gcc/x86_64-redhat-linux/4.8.5/:/usr/lib/gcc/x86_64-redhat-linux/4.8.5/../../../../lib64/:/lib/../lib64/:/usr/lib/../lib64/:/home/wwc129/c_tools/my_lib/:/data/wwc129/boost/boost/bin.v2/libs/system/build/gcc-7.2.0/release/threading-multi/:/data/wwc129/boost/boost/bin.v2/libs/system/build/gcc-7.2.0/release/link-static/threading-multi/:./:/usr/lib/gcc/x86_64-redhat-linux/4.8.5/../../../:/lib/:/usr/lib/
COLLECT_GCC_OPTIONS='-v' '-o' 'cmTC_66b9a' '-mtune=generic' '-march=x86-64'
 /usr/libexec/gcc/x86_64-redhat-linux/4.8.5/collect2 --build-id --no-add-needed --eh-frame-hdr --hash-style=gnu -m elf_x86_64 -dynamic-linker /lib64/ld-linux-x86-64.so.2 -o cmTC_66b9a /usr/lib/gcc/x86_64-redhat-linux/4.8.5/../../../../lib64/crt1.o /usr/lib/gcc/x86_64-redhat-linux/4.8.5/../../../../lib64/crti.o /usr/lib/gcc/x86_64-redhat-linux/4.8.5/crtbegin.o -L/usr/lib/gcc/x86_64-redhat-linux/4.8.5 -L/usr/lib/gcc/x86_64-redhat-linux/4.8.5/../../../../lib64 -L/lib/../lib64 -L/usr/lib/../lib64 -L/home/wwc129/c_tools/my_lib -L/data/wwc129/boost/boost/bin.v2/libs/system/build/gcc-7.2.0/release/threading-multi -L/data/wwc129/boost/boost/bin.v2/libs/system/build/gcc-7.2.0/release/link-static/threading-multi -L. -L/usr/lib/gcc/x86_64-redhat-linux/4.8.5/../../.. CMakeFiles/cmTC_66b9a.dir/CMakeCCompilerABI.c.o -lgcc --as-needed -lgcc_s --no-as-needed -lc -lgcc --as-needed -lgcc_s --no-as-needed /usr/lib/gcc/x86_64-redhat-linux/4.8.5/crtend.o /usr/lib/gcc/x86_64-redhat-linux/4.8.5/../../../../lib64/crtn.o
gmake[1]: Leaving directory `/home/wwc129/Twolayer/build/CMakeFiles/CMakeTmp'


Parsed C implicit link information from above output:
  link line regex: [^( *|.*[/\])(ld|([^/\]+-)?ld|collect2)[^/\]*( |$)]
  ignore line: [Change Dir: /home/wwc129/Twolayer/build/CMakeFiles/CMakeTmp]
  ignore line: []
  ignore line: [Run Build Command:"/bin/gmake" "cmTC_66b9a/fast"]
  ignore line: [/bin/gmake -f CMakeFiles/cmTC_66b9a.dir/build.make CMakeFiles/cmTC_66b9a.dir/build]
  ignore line: [gmake[1]: Entering directory `/home/wwc129/Twolayer/build/CMakeFiles/CMakeTmp']
  ignore line: [Building C object CMakeFiles/cmTC_66b9a.dir/CMakeCCompilerABI.c.o]
  ignore line: [/bin/cc    -o CMakeFiles/cmTC_66b9a.dir/CMakeCCompilerABI.c.o   -c /home/wwc129/cmake-3.8.0-Linux-x86_64/share/cmake-3.8/Modules/CMakeCCompilerABI.c]
  ignore line: [Linking C executable cmTC_66b9a]
  ignore line: [/home/wwc129/cmake-3.8.0-Linux-x86_64/bin/cmake -E cmake_link_script CMakeFiles/cmTC_66b9a.dir/link.txt --verbose=1]
  ignore line: [/bin/cc     -v CMakeFiles/cmTC_66b9a.dir/CMakeCCompilerABI.c.o  -o cmTC_66b9a ]
  ignore line: [Using built-in specs.]
  ignore line: [COLLECT_GCC=/bin/cc]
  ignore line: [COLLECT_LTO_WRAPPER=/usr/libexec/gcc/x86_64-redhat-linux/4.8.5/lto-wrapper]
  ignore line: [Target: x86_64-redhat-linux]
  ignore line: [Configured with: ../configure --prefix=/usr --mandir=/usr/share/man --infodir=/usr/share/info --with-bugurl=http://bugzilla.redhat.com/bugzilla --enable-bootstrap --enable-shared --enable-threads=posix --enable-checking=release --with-system-zlib --enable-__cxa_atexit --disable-libunwind-exceptions --enable-gnu-unique-object --enable-linker-build-id --with-linker-hash-style=gnu --enable-languages=c,c++,objc,obj-c++,java,fortran,ada,go,lto --enable-plugin --enable-initfini-array --disable-libgcj --with-isl=/builddir/build/BUILD/gcc-4.8.5-20150702/obj-x86_64-redhat-linux/isl-install --with-cloog=/builddir/build/BUILD/gcc-4.8.5-20150702/obj-x86_64-redhat-linux/cloog-install --enable-gnu-indirect-function --with-tune=generic --with-arch_32=x86-64 --build=x86_64-redhat-linux]
  ignore line: [Thread model: posix]
  ignore line: [gcc version 4.8.5 20150623 (Red Hat 4.8.5-28) (GCC) ]
  ignore line: [COMPILER_PATH=/usr/libexec/gcc/x86_64-redhat-linux/4.8.5/:/usr/libexec/gcc/x86_64-redhat-linux/4.8.5/:/usr/libexec/gcc/x86_64-redhat-linux/:/usr/lib/gcc/x86_64-redhat-linux/4.8.5/:/usr/lib/gcc/x86_64-redhat-linux/]
  ignore line: [LIBRARY_PATH=/usr/lib/gcc/x86_64-redhat-linux/4.8.5/:/usr/lib/gcc/x86_64-redhat-linux/4.8.5/../../../../lib64/:/lib/../lib64/:/usr/lib/../lib64/:/home/wwc129/c_tools/my_lib/:/data/wwc129/boost/boost/bin.v2/libs/system/build/gcc-7.2.0/release/threading-multi/:/data/wwc129/boost/boost/bin.v2/libs/system/build/gcc-7.2.0/release/link-static/threading-multi/:./:/usr/lib/gcc/x86_64-redhat-linux/4.8.5/../../../:/lib/:/usr/lib/]
  ignore line: [COLLECT_GCC_OPTIONS='-v' '-o' 'cmTC_66b9a' '-mtune=generic' '-march=x86-64']
  link line: [ /usr/libexec/gcc/x86_64-redhat-linux/4.8.5/collect2 --build-id --no-add-needed --eh-frame-hdr --hash-style=gnu -m elf_x86_64 -dynamic-linker /lib64/ld-linux-x86-64.so.2 -o cmTC_66b9a /usr/lib/gcc/x86_64-redhat-linux/4.8.5/../../../../lib64/crt1.o /usr/lib/gcc/x86_64-redhat-linux/4.8.5/../../../../lib64/crti.o /usr/lib/gcc/x86_64-redhat-linux/4.8.5/crtbegin.o -L/usr/lib/gcc/x86_64-redhat-linux/4.8.5 -L/usr/lib/gcc/x86_64-redhat-linux/4.8.5/../../../../lib64 -L/lib/../lib64 -L/usr/lib/../lib64 -L/home/wwc129/c_tools/my_lib -L/data/wwc129/boost/boost/bin.v2/libs/system/build/gcc-7.2.0/release/threading-multi -L/data/wwc129/boost/boost/bin.v2/libs/system/build/gcc-7.2.0/release/link-static/threading-multi -L. -L/usr/lib/gcc/x86_64-redhat-linux/4.8.5/../../.. CMakeFiles/cmTC_66b9a.dir/CMakeCCompilerABI.c.o -lgcc --as-needed -lgcc_s --no-as-needed -lc -lgcc --as-needed -lgcc_s --no-as-needed /usr/lib/gcc/x86_64-redhat-linux/4.8.5/crtend.o /usr/lib/gcc/x86_64-redhat-linux/4.8.5/../../../../lib64/crtn.o]
    arg [/usr/libexec/gcc/x86_64-redhat-linux/4.8.5/collect2] ==> ignore
    arg [--build-id] ==> ignore
    arg [--no-add-needed] ==> ignore
    arg [--eh-frame-hdr] ==> ignore
    arg [--hash-style=gnu] ==> ignore
    arg [-m] ==> ignore
    arg [elf_x86_64] ==> ignore
    arg [-dynamic-linker] ==> ignore
    arg [/lib64/ld-linux-x86-64.so.2] ==> ignore
    arg [-o] ==> ignore
    arg [cmTC_66b9a] ==> ignore
    arg [/usr/lib/gcc/x86_64-redhat-linux/4.8.5/../../../../lib64/crt1.o] ==> ignore
    arg [/usr/lib/gcc/x86_64-redhat-linux/4.8.5/../../../../lib64/crti.o] ==> ignore
    arg [/usr/lib/gcc/x86_64-redhat-linux/4.8.5/crtbegin.o] ==> ignore
    arg [-L/usr/lib/gcc/x86_64-redhat-linux/4.8.5] ==> dir [/usr/lib/gcc/x86_64-redhat-linux/4.8.5]
    arg [-L/usr/lib/gcc/x86_64-redhat-linux/4.8.5/../../../../lib64] ==> dir [/usr/lib/gcc/x86_64-redhat-linux/4.8.5/../../../../lib64]
    arg [-L/lib/../lib64] ==> dir [/lib/../lib64]
    arg [-L/usr/lib/../lib64] ==> dir [/usr/lib/../lib64]
    arg [-L/home/wwc129/c_tools/my_lib] ==> dir [/home/wwc129/c_tools/my_lib]
    arg [-L/data/wwc129/boost/boost/bin.v2/libs/system/build/gcc-7.2.0/release/threading-multi] ==> dir [/data/wwc129/boost/boost/bin.v2/libs/system/build/gcc-7.2.0/release/threading-multi]
    arg [-L/data/wwc129/boost/boost/bin.v2/libs/system/build/gcc-7.2.0/release/link-static/threading-multi] ==> dir [/data/wwc129/boost/boost/bin.v2/libs/system/build/gcc-7.2.0/release/link-static/threading-multi]
    arg [-L.] ==> ignore
    arg [-L/usr/lib/gcc/x86_64-redhat-linux/4.8.5/../../..] ==> dir [/usr/lib/gcc/x86_64-redhat-linux/4.8.5/../../..]
    arg [CMakeFiles/cmTC_66b9a.dir/CMakeCCompilerABI.c.o] ==> ignore
    arg [-lgcc] ==> lib [gcc]
    arg [--as-needed] ==> ignore
    arg [-lgcc_s] ==> lib [gcc_s]
    arg [--no-as-needed] ==> ignore
    arg [-lc] ==> lib [c]
    arg [-lgcc] ==> lib [gcc]
    arg [--as-needed] ==> ignore
    arg [-lgcc_s] ==> lib [gcc_s]
    arg [--no-as-needed] ==> ignore
    arg [/usr/lib/gcc/x86_64-redhat-linux/4.8.5/crtend.o] ==> ignore
    arg [/usr/lib/gcc/x86_64-redhat-linux/4.8.5/../../../../lib64/crtn.o] ==> ignore
  remove lib [gcc]
  remove lib [gcc_s]
  remove lib [gcc]
  remove lib [gcc_s]
  collapse library dir [/usr/lib/gcc/x86_64-redhat-linux/4.8.5] ==> [/usr/lib/gcc/x86_64-redhat-linux/4.8.5]
  collapse library dir [/usr/lib/gcc/x86_64-redhat-linux/4.8.5/../../../../lib64] ==> [/usr/lib64]
  collapse library dir [/lib/../lib64] ==> [/lib64]
  collapse library dir [/usr/lib/../lib64] ==> [/usr/lib64]
  collapse library dir [/home/wwc129/c_tools/my_lib] ==> [/home/wwc129/c_tools/my_lib]
  collapse library dir [/data/wwc129/boost/boost/bin.v2/libs/system/build/gcc-7.2.0/release/threading-multi] ==> [/data/wwc129/boost/boost/bin.v2/libs/system/build/gcc-7.2.0/release/threading-multi]
  collapse library dir [/data/wwc129/boost/boost/bin.v2/libs/system/build/gcc-7.2.0/release/link-static/threading-multi] ==> [/data/wwc129/boost/boost/bin.v2/libs/system/build/gcc-7.2.0/release/link-static/threading-multi]
  collapse library dir [/usr/lib/gcc/x86_64-redhat-linux/4.8.5/../../..] ==> [/usr/lib]
  implicit libs: [c]
  implicit dirs: [/usr/lib/gcc/x86_64-redhat-linux/4.8.5;/usr/lib64;/lib64;/home/wwc129/c_tools/my_lib;/data/wwc129/boost/boost/bin.v2/libs/system/build/gcc-7.2.0/release/threading-multi;/data/wwc129/boost/boost/bin.v2/libs/system/build/gcc-7.2.0/release/link-static/threading-multi;/usr/lib]
  implicit fwks: []




Detecting C [-std=c11] compiler features compiled with the following output:
Change Dir: /home/wwc129/Twolayer/build/CMakeFiles/CMakeTmp

Run Build Command:"/bin/gmake" "cmTC_3e480/fast"
/bin/gmake -f CMakeFiles/cmTC_3e480.dir/build.make CMakeFiles/cmTC_3e480.dir/build
gmake[1]: Entering directory `/home/wwc129/Twolayer/build/CMakeFiles/CMakeTmp'
Building C object CMakeFiles/cmTC_3e480.dir/feature_tests.c.o
/bin/cc   -std=c11 -o CMakeFiles/cmTC_3e480.dir/feature_tests.c.o   -c /home/wwc129/Twolayer/build/CMakeFiles/feature_tests.c
Linking C executable cmTC_3e480
/home/wwc129/cmake-3.8.0-Linux-x86_64/bin/cmake -E cmake_link_script CMakeFiles/cmTC_3e480.dir/link.txt --verbose=1
/bin/cc      CMakeFiles/cmTC_3e480.dir/feature_tests.c.o  -o cmTC_3e480 
gmake[1]: Leaving directory `/home/wwc129/Twolayer/build/CMakeFiles/CMakeTmp'


    Feature record: C_FEATURE:1c_function_prototypes
    Feature record: C_FEATURE:1c_restrict
    Feature record: C_FEATURE:1c_static_assert
    Feature record: C_FEATURE:1c_variadic_macros


Detecting C [-std=c99] compiler features compiled with the following output:
Change Dir: /home/wwc129/Twolayer/build/CMakeFiles/CMakeTmp

Run Build Command:"/bin/gmake" "cmTC_ac24e/fast"
/bin/gmake -f CMakeFiles/cmTC_ac24e.dir/build.make CMakeFiles/cmTC_ac24e.dir/build
gmake[1]: Entering directory `/home/wwc129/Twolayer/build/CMakeFiles/CMakeTmp'
Building C object CMakeFiles/cmTC_ac24e.dir/feature_tests.c.o
/bin/cc   -std=c99 -o CMakeFiles/cmTC_ac24e.dir/feature_tests.c.o   -c /home/wwc129/Twolayer/build/CMakeFiles/feature_tests.c
Linking C executable cmTC_ac24e
/home/wwc129/cmake-3.8.0-Linux-x86_64/bin/cmake -E cmake_link_script CMakeFiles/cmTC_ac24e.dir/link.txt --verbose=1
/bin/cc      CMakeFiles/cmTC_ac24e.dir/feature_tests.c.o  -o cmTC_ac24e 
gmake[1]: Leaving directory `/home/wwc129/Twolayer/build/CMakeFiles/CMakeTmp'


    Feature record: C_FEATURE:1c_function_prototypes
    Feature record: C_FEATURE:1c_restrict
    Feature record: C_FEATURE:0c_static_assert
    Feature record: C_FEATURE:1c_variadic_macros


Detecting C [-std=c90] compiler features compiled with the following output:
Change Dir: /home/wwc129/Twolayer/build/CMakeFiles/CMakeTmp

Run Build Command:"/bin/gmake" "cmTC_8db87/fast"
/bin/gmake -f CMakeFiles/cmTC_8db87.dir/build.make CMakeFiles/cmTC_8db87.dir/build
gmake[1]: Entering directory `/home/wwc129/Twolayer/build/CMakeFiles/CMakeTmp'
Building C object CMakeFiles/cmTC_8db87.dir/feature_tests.c.o
/bin/cc   -std=c90 -o CMakeFiles/cmTC_8db87.dir/feature_tests.c.o   -c /home/wwc129/Twolayer/build/CMakeFiles/feature_tests.c
Linking C executable cmTC_8db87
/home/wwc129/cmake-3.8.0-Linux-x86_64/bin/cmake -E cmake_link_script CMakeFiles/cmTC_8db87.dir/link.txt --verbose=1
/bin/cc      CMakeFiles/cmTC_8db87.dir/feature_tests.c.o  -o cmTC_8db87 
gmake[1]: Leaving directory `/home/wwc129/Twolayer/build/CMakeFiles/CMakeTmp'


    Feature record: C_FEATURE:1c_function_prototypes
    Feature record: C_FEATURE:0c_restrict
    Feature record: C_FEATURE:0c_static_assert
    Feature record: C_FEATURE:0c_variadic_macros
Determining if the CXX compiler works passed with the following output:
Change Dir: /home/wwc129/Twolayer/build/CMakeFiles/CMakeTmp

Run Build Command:"/bin/gmake" "cmTC_3e406/fast"
/bin/gmake -f CMakeFiles/cmTC_3e406.dir/build.make CMakeFiles/cmTC_3e406.dir/build
gmake[1]: Entering directory `/home/wwc129/Twolayer/build/CMakeFiles/CMakeTmp'
Building CXX object CMakeFiles/cmTC_3e406.dir/testCXXCompiler.cxx.o
/data/wwc129/gcc_7.2.0/bin/g++     -o CMakeFiles/cmTC_3e406.dir/testCXXCompiler.cxx.o -c /home/wwc129/Twolayer/build/CMakeFiles/CMakeTmp/testCXXCompiler.cxx
Linking CXX executable cmTC_3e406
/home/wwc129/cmake-3.8.0-Linux-x86_64/bin/cmake -E cmake_link_script CMakeFiles/cmTC_3e406.dir/link.txt --verbose=1
/data/wwc129/gcc_7.2.0/bin/g++       CMakeFiles/cmTC_3e406.dir/testCXXCompiler.cxx.o  -o cmTC_3e406 
gmake[1]: Leaving directory `/home/wwc129/Twolayer/build/CMakeFiles/CMakeTmp'


Detecting CXX compiler ABI info compiled with the following output:
Change Dir: /home/wwc129/Twolayer/build/CMakeFiles/CMakeTmp

Run Build Command:"/bin/gmake" "cmTC_12fdc/fast"
/bin/gmake -f CMakeFiles/cmTC_12fdc.dir/build.make CMakeFiles/cmTC_12fdc.dir/build
gmake[1]: Entering directory `/home/wwc129/Twolayer/build/CMakeFiles/CMakeTmp'
Building CXX object CMakeFiles/cmTC_12fdc.dir/CMakeCXXCompilerABI.cpp.o
/data/wwc129/gcc_7.2.0/bin/g++     -o CMakeFiles/cmTC_12fdc.dir/CMakeCXXCompilerABI.cpp.o -c /home/wwc129/cmake-3.8.0-Linux-x86_64/share/cmake-3.8/Modules/CMakeCXXCompilerABI.cpp
Linking CXX executable cmTC_12fdc
/home/wwc129/cmake-3.8.0-Linux-x86_64/bin/cmake -E cmake_link_script CMakeFiles/cmTC_12fdc.dir/link.txt --verbose=1
/data/wwc129/gcc_7.2.0/bin/g++      -v CMakeFiles/cmTC_12fdc.dir/CMakeCXXCompilerABI.cpp.o  -o cmTC_12fdc 
Using built-in specs.
COLLECT_GCC=/data/wwc129/gcc_7.2.0/bin/g++
COLLECT_LTO_WRAPPER=/data/wwc129/gcc_7.2.0/libexec/gcc/x86_64-pc-linux-gnu/7.2.0/lto-wrapper
Target: x86_64-pc-linux-gnu
Configured with: ../gcc-7.2.0/configure --prefix=/data/wwc129/gcc_7.2.0 --enable-language=c,c++,go
Thread model: posix
gcc version 7.2.0 (GCC) 
COMPILER_PATH=/data/wwc129/gcc_7.2.0/libexec/gcc/x86_64-pc-linux-gnu/7.2.0/:/data/wwc129/gcc_7.2.0/libexec/gcc/x86_64-pc-linux-gnu/7.2.0/:/data/wwc129/gcc_7.2.0/libexec/gcc/x86_64-pc-linux-gnu/:/data/wwc129/gcc_7.2.0/lib/gcc/x86_64-pc-linux-gnu/7.2.0/:/data/wwc129/gcc_7.2.0/lib/gcc/x86_64-pc-linux-gnu/
LIBRARY_PATH=/data/wwc129/gcc_7.2.0/lib/gcc/x86_64-pc-linux-gnu/7.2.0/:/data/wwc129/gcc_7.2.0/lib/gcc/x86_64-pc-linux-gnu/7.2.0/../../../../lib64/:/lib/../lib64/:/usr/lib/../lib64/:/home/wwc129/c_tools/my_lib/:/data/wwc129/boost/boost/bin.v2/libs/system/build/gcc-7.2.0/release/threading-multi/:/data/wwc129/boost/boost/bin.v2/libs/system/build/gcc-7.2.0/release/link-static/threading-multi/:./:/data/wwc129/gcc_7.2.0/lib/gcc/x86_64-pc-linux-gnu/7.2.0/../../../:/lib/:/usr/lib/
COLLECT_GCC_OPTIONS='-v' '-o' 'cmTC_12fdc' '-shared-libgcc' '-mtune=generic' '-march=x86-64'
 /data/wwc129/gcc_7.2.0/libexec/gcc/x86_64-pc-linux-gnu/7.2.0/collect2 -plugin /data/wwc129/gcc_7.2.0/libexec/gcc/x86_64-pc-linux-gnu/7.2.0/liblto_plugin.so -plugin-opt=/data/wwc129/gcc_7.2.0/libexec/gcc/x86_64-pc-linux-gnu/7.2.0/lto-wrapper -plugin-opt=-fresolution=/tmp/cc6X65gG.res -plugin-opt=-pass-through=-lgcc_s -plugin-opt=-pass-through=-lgcc -plugin-opt=-pass-through=-lc -plugin-opt=-pass-through=-lgcc_s -plugin-opt=-pass-through=-lgcc --eh-frame-hdr -m elf_x86_64 -dynamic-linker /lib64/ld-linux-x86-64.so.2 -o cmTC_12fdc /lib/../lib64/crt1.o /lib/../lib64/crti.o /data/wwc129/gcc_7.2.0/lib/gcc/x86_64-pc-linux-gnu/7.2.0/crtbegin.o -L/data/wwc129/gcc_7.2.0/lib/gcc/x86_64-pc-linux-gnu/7.2.0 -L/data/wwc129/gcc_7.2.0/lib/gcc/x86_64-pc-linux-gnu/7.2.0/../../../../lib64 -L/lib/../lib64 -L/usr/lib/../lib64 -L/home/wwc129/c_tools/my_lib -L/data/wwc129/boost/boost/bin.v2/libs/system/build/gcc-7.2.0/release/threading-multi -L/data/wwc129/boost/boost/bin.v2/libs/system/build/gcc-7.2.0/release/link-static/threading-multi -L. -L/data/wwc129/gcc_7.2.0/lib/gcc/x86_64-pc-linux-gnu/7.2.0/../../.. CMakeFiles/cmTC_12fdc.dir/CMakeCXXCompilerABI.cpp.o -lstdc++ -lm -lgcc_s -lgcc -lc -lgcc_s -lgcc /data/wwc129/gcc_7.2.0/lib/gcc/x86_64-pc-linux-gnu/7.2.0/crtend.o /lib/../lib64/crtn.o
COLLECT_GCC_OPTIONS='-v' '-o' 'cmTC_12fdc' '-shared-libgcc' '-mtune=generic' '-march=x86-64'
gmake[1]: Leaving directory `/home/wwc129/Twolayer/build/CMakeFiles/CMakeTmp'


Parsed CXX implicit link information from above output:
  link line regex: [^( *|.*[/\])(ld|([^/\]+-)?ld|collect2)[^/\]*( |$)]
  ignore line: [Change Dir: /home/wwc129/Twolayer/build/CMakeFiles/CMakeTmp]
  ignore line: []
  ignore line: [Run Build Command:"/bin/gmake" "cmTC_12fdc/fast"]
  ignore line: [/bin/gmake -f CMakeFiles/cmTC_12fdc.dir/build.make CMakeFiles/cmTC_12fdc.dir/build]
  ignore line: [gmake[1]: Entering directory `/home/wwc129/Twolayer/build/CMakeFiles/CMakeTmp']
  ignore line: [Building CXX object CMakeFiles/cmTC_12fdc.dir/CMakeCXXCompilerABI.cpp.o]
  ignore line: [/data/wwc129/gcc_7.2.0/bin/g++     -o CMakeFiles/cmTC_12fdc.dir/CMakeCXXCompilerABI.cpp.o -c /home/wwc129/cmake-3.8.0-Linux-x86_64/share/cmake-3.8/Modules/CMakeCXXCompilerABI.cpp]
  ignore line: [Linking CXX executable cmTC_12fdc]
  ignore line: [/home/wwc129/cmake-3.8.0-Linux-x86_64/bin/cmake -E cmake_link_script CMakeFiles/cmTC_12fdc.dir/link.txt --verbose=1]
  ignore line: [/data/wwc129/gcc_7.2.0/bin/g++      -v CMakeFiles/cmTC_12fdc.dir/CMakeCXXCompilerABI.cpp.o  -o cmTC_12fdc ]
  ignore line: [Using built-in specs.]
  ignore line: [COLLECT_GCC=/data/wwc129/gcc_7.2.0/bin/g++]
  ignore line: [COLLECT_LTO_WRAPPER=/data/wwc129/gcc_7.2.0/libexec/gcc/x86_64-pc-linux-gnu/7.2.0/lto-wrapper]
  ignore line: [Target: x86_64-pc-linux-gnu]
  ignore line: [Configured with: ../gcc-7.2.0/configure --prefix=/data/wwc129/gcc_7.2.0 --enable-language=c,c++,go]
  ignore line: [Thread model: posix]
  ignore line: [gcc version 7.2.0 (GCC) ]
  ignore line: [COMPILER_PATH=/data/wwc129/gcc_7.2.0/libexec/gcc/x86_64-pc-linux-gnu/7.2.0/:/data/wwc129/gcc_7.2.0/libexec/gcc/x86_64-pc-linux-gnu/7.2.0/:/data/wwc129/gcc_7.2.0/libexec/gcc/x86_64-pc-linux-gnu/:/data/wwc129/gcc_7.2.0/lib/gcc/x86_64-pc-linux-gnu/7.2.0/:/data/wwc129/gcc_7.2.0/lib/gcc/x86_64-pc-linux-gnu/]
  ignore line: [LIBRARY_PATH=/data/wwc129/gcc_7.2.0/lib/gcc/x86_64-pc-linux-gnu/7.2.0/:/data/wwc129/gcc_7.2.0/lib/gcc/x86_64-pc-linux-gnu/7.2.0/../../../../lib64/:/lib/../lib64/:/usr/lib/../lib64/:/home/wwc129/c_tools/my_lib/:/data/wwc129/boost/boost/bin.v2/libs/system/build/gcc-7.2.0/release/threading-multi/:/data/wwc129/boost/boost/bin.v2/libs/system/build/gcc-7.2.0/release/link-static/threading-multi/:./:/data/wwc129/gcc_7.2.0/lib/gcc/x86_64-pc-linux-gnu/7.2.0/../../../:/lib/:/usr/lib/]
  ignore line: [COLLECT_GCC_OPTIONS='-v' '-o' 'cmTC_12fdc' '-shared-libgcc' '-mtune=generic' '-march=x86-64']
  link line: [ /data/wwc129/gcc_7.2.0/libexec/gcc/x86_64-pc-linux-gnu/7.2.0/collect2 -plugin /data/wwc129/gcc_7.2.0/libexec/gcc/x86_64-pc-linux-gnu/7.2.0/liblto_plugin.so -plugin-opt=/data/wwc129/gcc_7.2.0/libexec/gcc/x86_64-pc-linux-gnu/7.2.0/lto-wrapper -plugin-opt=-fresolution=/tmp/cc6X65gG.res -plugin-opt=-pass-through=-lgcc_s -plugin-opt=-pass-through=-lgcc -plugin-opt=-pass-through=-lc -plugin-opt=-pass-through=-lgcc_s -plugin-opt=-pass-through=-lgcc --eh-frame-hdr -m elf_x86_64 -dynamic-linker /lib64/ld-linux-x86-64.so.2 -o cmTC_12fdc /lib/../lib64/crt1.o /lib/../lib64/crti.o /data/wwc129/gcc_7.2.0/lib/gcc/x86_64-pc-linux-gnu/7.2.0/crtbegin.o -L/data/wwc129/gcc_7.2.0/lib/gcc/x86_64-pc-linux-gnu/7.2.0 -L/data/wwc129/gcc_7.2.0/lib/gcc/x86_64-pc-linux-gnu/7.2.0/../../../../lib64 -L/lib/../lib64 -L/usr/lib/../lib64 -L/home/wwc129/c_tools/my_lib -L/data/wwc129/boost/boost/bin.v2/libs/system/build/gcc-7.2.0/release/threading-multi -L/data/wwc129/boost/boost/bin.v2/libs/system/build/gcc-7.2.0/release/link-static/threading-multi -L. -L/data/wwc129/gcc_7.2.0/lib/gcc/x86_64-pc-linux-gnu/7.2.0/../../.. CMakeFiles/cmTC_12fdc.dir/CMakeCXXCompilerABI.cpp.o -lstdc++ -lm -lgcc_s -lgcc -lc -lgcc_s -lgcc /data/wwc129/gcc_7.2.0/lib/gcc/x86_64-pc-linux-gnu/7.2.0/crtend.o /lib/../lib64/crtn.o]
    arg [/data/wwc129/gcc_7.2.0/libexec/gcc/x86_64-pc-linux-gnu/7.2.0/collect2] ==> ignore
    arg [-plugin] ==> ignore
    arg [/data/wwc129/gcc_7.2.0/libexec/gcc/x86_64-pc-linux-gnu/7.2.0/liblto_plugin.so] ==> ignore
    arg [-plugin-opt=/data/wwc129/gcc_7.2.0/libexec/gcc/x86_64-pc-linux-gnu/7.2.0/lto-wrapper] ==> ignore
    arg [-plugin-opt=-fresolution=/tmp/cc6X65gG.res] ==> ignore
    arg [-plugin-opt=-pass-through=-lgcc_s] ==> ignore
    arg [-plugin-opt=-pass-through=-lgcc] ==> ignore
    arg [-plugin-opt=-pass-through=-lc] ==> ignore
    arg [-plugin-opt=-pass-through=-lgcc_s] ==> ignore
    arg [-plugin-opt=-pass-through=-lgcc] ==> ignore
    arg [--eh-frame-hdr] ==> ignore
    arg [-m] ==> ignore
    arg [elf_x86_64] ==> ignore
    arg [-dynamic-linker] ==> ignore
    arg [/lib64/ld-linux-x86-64.so.2] ==> ignore
    arg [-o] ==> ignore
    arg [cmTC_12fdc] ==> ignore
    arg [/lib/../lib64/crt1.o] ==> ignore
    arg [/lib/../lib64/crti.o] ==> ignore
    arg [/data/wwc129/gcc_7.2.0/lib/gcc/x86_64-pc-linux-gnu/7.2.0/crtbegin.o] ==> ignore
    arg [-L/data/wwc129/gcc_7.2.0/lib/gcc/x86_64-pc-linux-gnu/7.2.0] ==> dir [/data/wwc129/gcc_7.2.0/lib/gcc/x86_64-pc-linux-gnu/7.2.0]
    arg [-L/data/wwc129/gcc_7.2.0/lib/gcc/x86_64-pc-linux-gnu/7.2.0/../../../../lib64] ==> dir [/data/wwc129/gcc_7.2.0/lib/gcc/x86_64-pc-linux-gnu/7.2.0/../../../../lib64]
    arg [-L/lib/../lib64] ==> dir [/lib/../lib64]
    arg [-L/usr/lib/../lib64] ==> dir [/usr/lib/../lib64]
    arg [-L/home/wwc129/c_tools/my_lib] ==> dir [/home/wwc129/c_tools/my_lib]
    arg [-L/data/wwc129/boost/boost/bin.v2/libs/system/build/gcc-7.2.0/release/threading-multi] ==> dir [/data/wwc129/boost/boost/bin.v2/libs/system/build/gcc-7.2.0/release/threading-multi]
    arg [-L/data/wwc129/boost/boost/bin.v2/libs/system/build/gcc-7.2.0/release/link-static/threading-multi] ==> dir [/data/wwc129/boost/boost/bin.v2/libs/system/build/gcc-7.2.0/release/link-static/threading-multi]
    arg [-L.] ==> ignore
    arg [-L/data/wwc129/gcc_7.2.0/lib/gcc/x86_64-pc-linux-gnu/7.2.0/../../..] ==> dir [/data/wwc129/gcc_7.2.0/lib/gcc/x86_64-pc-linux-gnu/7.2.0/../../..]
    arg [CMakeFiles/cmTC_12fdc.dir/CMakeCXXCompilerABI.cpp.o] ==> ignore
    arg [-lstdc++] ==> lib [stdc++]
    arg [-lm] ==> lib [m]
    arg [-lgcc_s] ==> lib [gcc_s]
    arg [-lgcc] ==> lib [gcc]
    arg [-lc] ==> lib [c]
    arg [-lgcc_s] ==> lib [gcc_s]
    arg [-lgcc] ==> lib [gcc]
    arg [/data/wwc129/gcc_7.2.0/lib/gcc/x86_64-pc-linux-gnu/7.2.0/crtend.o] ==> ignore
    arg [/lib/../lib64/crtn.o] ==> ignore
  remove lib [gcc_s]
  remove lib [gcc]
  remove lib [gcc_s]
  remove lib [gcc]
  collapse library dir [/data/wwc129/gcc_7.2.0/lib/gcc/x86_64-pc-linux-gnu/7.2.0] ==> [/data/wwc129/gcc_7.2.0/lib/gcc/x86_64-pc-linux-gnu/7.2.0]
  collapse library dir [/data/wwc129/gcc_7.2.0/lib/gcc/x86_64-pc-linux-gnu/7.2.0/../../../../lib64] ==> [/data/wwc129/gcc_7.2.0/lib64]
  collapse library dir [/lib/../lib64] ==> [/lib64]
  collapse library dir [/usr/lib/../lib64] ==> [/usr/lib64]
  collapse library dir [/home/wwc129/c_tools/my_lib] ==> [/home/wwc129/c_tools/my_lib]
  collapse library dir [/data/wwc129/boost/boost/bin.v2/libs/system/build/gcc-7.2.0/release/threading-multi] ==> [/data/wwc129/boost/boost/bin.v2/libs/system/build/gcc-7.2.0/release/threading-multi]
  collapse library dir [/data/wwc129/boost/boost/bin.v2/libs/system/build/gcc-7.2.0/release/link-static/threading-multi] ==> [/data/wwc129/boost/boost/bin.v2/libs/system/build/gcc-7.2.0/release/link-static/threading-multi]
  collapse library dir [/data/wwc129/gcc_7.2.0/lib/gcc/x86_64-pc-linux-gnu/7.2.0/../../..] ==> [/data/wwc129/gcc_7.2.0/lib]
  implicit libs: [stdc++;m;c]
  implicit dirs: [/data/wwc129/gcc_7.2.0/lib/gcc/x86_64-pc-linux-gnu/7.2.0;/data/wwc129/gcc_7.2.0/lib64;/lib64;/usr/lib64;/home/wwc129/c_tools/my_lib;/data/wwc129/boost/boost/bin.v2/libs/system/build/gcc-7.2.0/release/threading-multi;/data/wwc129/boost/boost/bin.v2/libs/system/build/gcc-7.2.0/release/link-static/threading-multi;/data/wwc129/gcc_7.2.0/lib]
  implicit fwks: []




Detecting CXX [-std=c++1z] compiler features compiled with the following output:
Change Dir: /home/wwc129/Twolayer/build/CMakeFiles/CMakeTmp

Run Build Command:"/bin/gmake" "cmTC_c18e8/fast"
/bin/gmake -f CMakeFiles/cmTC_c18e8.dir/build.make CMakeFiles/cmTC_c18e8.dir/build
gmake[1]: Entering directory `/home/wwc129/Twolayer/build/CMakeFiles/CMakeTmp'
Building CXX object CMakeFiles/cmTC_c18e8.dir/feature_tests.cxx.o
/data/wwc129/gcc_7.2.0/bin/g++    -std=c++1z -o CMakeFiles/cmTC_c18e8.dir/feature_tests.cxx.o -c /home/wwc129/Twolayer/build/CMakeFiles/feature_tests.cxx
Linking CXX executable cmTC_c18e8
/home/wwc129/cmake-3.8.0-Linux-x86_64/bin/cmake -E cmake_link_script CMakeFiles/cmTC_c18e8.dir/link.txt --verbose=1
/data/wwc129/gcc_7.2.0/bin/g++       CMakeFiles/cmTC_c18e8.dir/feature_tests.cxx.o  -o cmTC_c18e8 
gmake[1]: Leaving directory `/home/wwc129/Twolayer/build/CMakeFiles/CMakeTmp'


    Feature record: CXX_FEATURE:1cxx_aggregate_default_initializers
    Feature record: CXX_FEATURE:1cxx_alias_templates
    Feature record: CXX_FEATURE:1cxx_alignas
    Feature record: CXX_FEATURE:1cxx_alignof
    Feature record: CXX_FEATURE:1cxx_attributes
    Feature record: CXX_FEATURE:1cxx_attribute_deprecated
    Feature record: CXX_FEATURE:1cxx_auto_type
    Feature record: CXX_FEATURE:1cxx_binary_literals
    Feature record: CXX_FEATURE:1cxx_constexpr
    Feature record: CXX_FEATURE:1cxx_contextual_conversions
    Feature record: CXX_FEATURE:1cxx_decltype
    Feature record: CXX_FEATURE:1cxx_decltype_auto
    Feature record: CXX_FEATURE:1cxx_decltype_incomplete_return_types
    Feature record: CXX_FEATURE:1cxx_default_function_template_args
    Feature record: CXX_FEATURE:1cxx_defaulted_functions
    Feature record: CXX_FEATURE:1cxx_defaulted_move_initializers
    Feature record: CXX_FEATURE:1cxx_delegating_constructors
    Feature record: CXX_FEATURE:1cxx_deleted_functions
    Feature record: CXX_FEATURE:1cxx_digit_separators
    Feature record: CXX_FEATURE:1cxx_enum_forward_declarations
    Feature record: CXX_FEATURE:1cxx_explicit_conversions
    Feature record: CXX_FEATURE:1cxx_extended_friend_declarations
    Feature record: CXX_FEATURE:1cxx_extern_templates
    Feature record: CXX_FEATURE:1cxx_final
    Feature record: CXX_FEATURE:1cxx_func_identifier
    Feature record: CXX_FEATURE:1cxx_generalized_initializers
    Feature record: CXX_FEATURE:1cxx_generic_lambdas
    Feature record: CXX_FEATURE:1cxx_inheriting_constructors
    Feature record: CXX_FEATURE:1cxx_inline_namespaces
    Feature record: CXX_FEATURE:1cxx_lambdas
    Feature record: CXX_FEATURE:1cxx_lambda_init_captures
    Feature record: CXX_FEATURE:1cxx_local_type_template_args
    Feature record: CXX_FEATURE:1cxx_long_long_type
    Feature record: CXX_FEATURE:1cxx_noexcept
    Feature record: CXX_FEATURE:1cxx_nonstatic_member_init
    Feature record: CXX_FEATURE:1cxx_nullptr
    Feature record: CXX_FEATURE:1cxx_override
    Feature record: CXX_FEATURE:1cxx_range_for
    Feature record: CXX_FEATURE:1cxx_raw_string_literals
    Feature record: CXX_FEATURE:1cxx_reference_qualified_functions
    Feature record: CXX_FEATURE:1cxx_relaxed_constexpr
    Feature record: CXX_FEATURE:1cxx_return_type_deduction
    Feature record: CXX_FEATURE:1cxx_right_angle_brackets
    Feature record: CXX_FEATURE:1cxx_rvalue_references
    Feature record: CXX_FEATURE:1cxx_sizeof_member
    Feature record: CXX_FEATURE:1cxx_static_assert
    Feature record: CXX_FEATURE:1cxx_strong_enums
    Feature record: CXX_FEATURE:1cxx_template_template_parameters
    Feature record: CXX_FEATURE:1cxx_thread_local
    Feature record: CXX_FEATURE:1cxx_trailing_return_types
    Feature record: CXX_FEATURE:1cxx_unicode_literals
    Feature record: CXX_FEATURE:1cxx_uniform_initialization
    Feature record: CXX_FEATURE:1cxx_unrestricted_unions
    Feature record: CXX_FEATURE:1cxx_user_literals
    Feature record: CXX_FEATURE:1cxx_variable_templates
    Feature record: CXX_FEATURE:1cxx_variadic_macros
    Feature record: CXX_FEATURE:1cxx_variadic_templates


Detecting CXX [-std=c++14] compiler features compiled with the following output:
Change Dir: /home/wwc129/Twolayer/build/CMakeFiles/CMakeTmp

Run Build Command:"/bin/gmake" "cmTC_91282/fast"
/bin/gmake -f CMakeFiles/cmTC_91282.dir/build.make CMakeFiles/cmTC_91282.dir/build
gmake[1]: Entering directory `/home/wwc129/Twolayer/build/CMakeFiles/CMakeTmp'
Building CXX object CMakeFiles/cmTC_91282.dir/feature_tests.cxx.o
/data/wwc129/gcc_7.2.0/bin/g++    -std=c++14 -o CMakeFiles/cmTC_91282.dir/feature_tests.cxx.o -c /home/wwc129/Twolayer/build/CMakeFiles/feature_tests.cxx
Linking CXX executable cmTC_91282
/home/wwc129/cmake-3.8.0-Linux-x86_64/bin/cmake -E cmake_link_script CMakeFiles/cmTC_91282.dir/link.txt --verbose=1
/data/wwc129/gcc_7.2.0/bin/g++       CMakeFiles/cmTC_91282.dir/feature_tests.cxx.o  -o cmTC_91282 
gmake[1]: Leaving directory `/home/wwc129/Twolayer/build/CMakeFiles/CMakeTmp'


    Feature record: CXX_FEATURE:1cxx_aggregate_default_initializers
    Feature record: CXX_FEATURE:1cxx_alias_templates
    Feature record: CXX_FEATURE:1cxx_alignas
    Feature record: CXX_FEATURE:1cxx_alignof
    Feature record: CXX_FEATURE:1cxx_attributes
    Feature record: CXX_FEATURE:1cxx_attribute_deprecated
    Feature record: CXX_FEATURE:1cxx_auto_type
    Feature record: CXX_FEATURE:1cxx_binary_literals
    Feature record: CXX_FEATURE:1cxx_constexpr
    Feature record: CXX_FEATURE:1cxx_contextual_conversions
    Feature record: CXX_FEATURE:1cxx_decltype
    Feature record: CXX_FEATURE:1cxx_decltype_auto
    Feature record: CXX_FEATURE:1cxx_decltype_incomplete_return_types
    Feature record: CXX_FEATURE:1cxx_default_function_template_args
    Feature record: CXX_FEATURE:1cxx_defaulted_functions
    Feature record: CXX_FEATURE:1cxx_defaulted_move_initializers
    Feature record: CXX_FEATURE:1cxx_delegating_constructors
    Feature record: CXX_FEATURE:1cxx_deleted_functions
    Feature record: CXX_FEATURE:1cxx_digit_separators
    Feature record: CXX_FEATURE:1cxx_enum_forward_declarations
    Feature record: CXX_FEATURE:1cxx_explicit_conversions
    Feature record: CXX_FEATURE:1cxx_extended_friend_declarations
    Feature record: CXX_FEATURE:1cxx_extern_templates
    Feature record: CXX_FEATURE:1cxx_final
    Feature record: CXX_FEATURE:1cxx_func_identifier
    Feature record: CXX_FEATURE:1cxx_generalized_initializers
    Feature record: CXX_FEATURE:1cxx_generic_lambdas
    Feature record: CXX_FEATURE:1cxx_inheriting_constructors
    Feature record: CXX_FEATURE:1cxx_inline_namespaces
    Feature record: CXX_FEATURE:1cxx_lambdas
    Feature record: CXX_FEATURE:1cxx_lambda_init_captures
    Feature record: CXX_FEATURE:1cxx_local_type_template_args
    Feature record: CXX_FEATURE:1cxx_long_long_type
    Feature record: CXX_FEATURE:1cxx_noexcept
    Feature record: CXX_FEATURE:1cxx_nonstatic_member_init
    Feature record: CXX_FEATURE:1cxx_nullptr
    Feature record: CXX_FEATURE:1cxx_override
    Feature record: CXX_FEATURE:1cxx_range_for
    Feature record: CXX_FEATURE:1cxx_raw_string_literals
    Feature record: CXX_FEATURE:1cxx_reference_qualified_functions
    Feature record: CXX_FEATURE:1cxx_relaxed_constexpr
    Feature record: CXX_FEATURE:1cxx_return_type_deduction
    Feature record: CXX_FEATURE:1cxx_right_angle_brackets
    Feature record: CXX_FEATURE:1cxx_rvalue_references
    Feature record: CXX_FEATURE:1cxx_sizeof_member
    Feature record: CXX_FEATURE:1cxx_static_assert
    Feature record: CXX_FEATURE:1cxx_strong_enums
    Feature record: CXX_FEATURE:1cxx_template_template_parameters
    Feature record: CXX_FEATURE:1cxx_thread_local
    Feature record: CXX_FEATURE:1cxx_trailing_return_types
    Feature record: CXX_FEATURE:1cxx_unicode_literals
    Feature record: CXX_FEATURE:1cxx_uniform_initialization
    Feature record: CXX_FEATURE:1cxx_unrestricted_unions
    Feature record: CXX_FEATURE:1cxx_user_literals
    Feature record: CXX_FEATURE:1cxx_variable_templates
    Feature record: CXX_FEATURE:1cxx_variadic_macros
    Feature record: CXX_FEATURE:1cxx_variadic_templates


Detecting CXX [-std=c++11] compiler features compiled with the following output:
Change Dir: /home/wwc129/Twolayer/build/CMakeFiles/CMakeTmp

Run Build Command:"/bin/gmake" "cmTC_c2a1c/fast"
/bin/gmake -f CMakeFiles/cmTC_c2a1c.dir/build.make CMakeFiles/cmTC_c2a1c.dir/build
gmake[1]: Entering directory `/home/wwc129/Twolayer/build/CMakeFiles/CMakeTmp'
Building CXX object CMakeFiles/cmTC_c2a1c.dir/feature_tests.cxx.o
/data/wwc129/gcc_7.2.0/bin/g++    -std=c++11 -o CMakeFiles/cmTC_c2a1c.dir/feature_tests.cxx.o -c /home/wwc129/Twolayer/build/CMakeFiles/feature_tests.cxx
Linking CXX executable cmTC_c2a1c
/home/wwc129/cmake-3.8.0-Linux-x86_64/bin/cmake -E cmake_link_script CMakeFiles/cmTC_c2a1c.dir/link.txt --verbose=1
/data/wwc129/gcc_7.2.0/bin/g++       CMakeFiles/cmTC_c2a1c.dir/feature_tests.cxx.o  -o cmTC_c2a1c 
gmake[1]: Leaving directory `/home/wwc129/Twolayer/build/CMakeFiles/CMakeTmp'


    Feature record: CXX_FEATURE:0cxx_aggregate_default_initializers
    Feature record: CXX_FEATURE:1cxx_alias_templates
    Feature record: CXX_FEATURE:1cxx_alignas
    Feature record: CXX_FEATURE:1cxx_alignof
    Feature record: CXX_FEATURE:1cxx_attributes
    Feature record: CXX_FEATURE:0cxx_attribute_deprecated
    Feature record: CXX_FEATURE:1cxx_auto_type
    Feature record: CXX_FEATURE:0cxx_binary_literals
    Feature record: CXX_FEATURE:1cxx_constexpr
    Feature record: CXX_FEATURE:0cxx_contextual_conversions
    Feature record: CXX_FEATURE:1cxx_decltype
    Feature record: CXX_FEATURE:0cxx_decltype_auto
    Feature record: CXX_FEATURE:1cxx_decltype_incomplete_return_types
    Feature record: CXX_FEATURE:1cxx_default_function_template_args
    Feature record: CXX_FEATURE:1cxx_defaulted_functions
    Feature record: CXX_FEATURE:1cxx_defaulted_move_initializers
    Feature record: CXX_FEATURE:1cxx_delegating_constructors
    Feature record: CXX_FEATURE:1cxx_deleted_functions
    Feature record: CXX_FEATURE:0cxx_digit_separators
    Feature record: CXX_FEATURE:1cxx_enum_forward_declarations
    Feature record: CXX_FEATURE:1cxx_explicit_conversions
    Feature record: CXX_FEATURE:1cxx_extended_friend_declarations
    Feature record: CXX_FEATURE:1cxx_extern_templates
    Feature record: CXX_FEATURE:1cxx_final
    Feature record: CXX_FEATURE:1cxx_func_identifier
    Feature record: CXX_FEATURE:1cxx_generalized_initializers
    Feature record: CXX_FEATURE:0cxx_generic_lambdas
    Feature record: CXX_FEATURE:1cxx_inheriting_constructors
    Feature record: CXX_FEATURE:1cxx_inline_namespaces
    Feature record: CXX_FEATURE:1cxx_lambdas
    Feature record: CXX_FEATURE:0cxx_lambda_init_captures
    Feature record: CXX_FEATURE:1cxx_local_type_template_args
    Feature record: CXX_FEATURE:1cxx_long_long_type
    Feature record: CXX_FEATURE:1cxx_noexcept
    Feature record: CXX_FEATURE:1cxx_nonstatic_member_init
    Feature record: CXX_FEATURE:1cxx_nullptr
    Feature record: CXX_FEATURE:1cxx_override
    Feature record: CXX_FEATURE:1cxx_range_for
    Feature record: CXX_FEATURE:1cxx_raw_string_literals
    Feature record: CXX_FEATURE:1cxx_reference_qualified_functions
    Feature record: CXX_FEATURE:0cxx_relaxed_constexpr
    Feature record: CXX_FEATURE:0cxx_return_type_deduction
    Feature record: CXX_FEATURE:1cxx_right_angle_brackets
    Feature record: CXX_FEATURE:1cxx_rvalue_references
    Feature record: CXX_FEATURE:1cxx_sizeof_member
    Feature record: CXX_FEATURE:1cxx_static_assert
    Feature record: CXX_FEATURE:1cxx_strong_enums
    Feature record: CXX_FEATURE:1cxx_template_template_parameters
    Feature record: CXX_FEATURE:1cxx_thread_local
    Feature record: CXX_FEATURE:1cxx_trailing_return_types
    Feature record: CXX_FEATURE:1cxx_unicode_literals
    Feature record: CXX_FEATURE:1cxx_uniform_initialization
    Feature record: CXX_FEATURE:1cxx_unrestricted_unions
    Feature record: CXX_FEATURE:1cxx_user_literals
    Feature record: CXX_FEATURE:0cxx_variable_templates
    Feature record: CXX_FEATURE:1cxx_variadic_macros
    Feature record: CXX_FEATURE:1cxx_variadic_templates


Detecting CXX [-std=c++98] compiler features compiled with the following output:
Change Dir: /home/wwc129/Twolayer/build/CMakeFiles/CMakeTmp

Run Build Command:"/bin/gmake" "cmTC_a01f2/fast"
/bin/gmake -f CMakeFiles/cmTC_a01f2.dir/build.make CMakeFiles/cmTC_a01f2.dir/build
gmake[1]: Entering directory `/home/wwc129/Twolayer/build/CMakeFiles/CMakeTmp'
Building CXX object CMakeFiles/cmTC_a01f2.dir/feature_tests.cxx.o
/data/wwc129/gcc_7.2.0/bin/g++    -std=c++98 -o CMakeFiles/cmTC_a01f2.dir/feature_tests.cxx.o -c /home/wwc129/Twolayer/build/CMakeFiles/feature_tests.cxx
Linking CXX executable cmTC_a01f2
/home/wwc129/cmake-3.8.0-Linux-x86_64/bin/cmake -E cmake_link_script CMakeFiles/cmTC_a01f2.dir/link.txt --verbose=1
/data/wwc129/gcc_7.2.0/bin/g++       CMakeFiles/cmTC_a01f2.dir/feature_tests.cxx.o  -o cmTC_a01f2 
gmake[1]: Leaving directory `/home/wwc129/Twolayer/build/CMakeFiles/CMakeTmp'


    Feature record: CXX_FEATURE:0cxx_aggregate_default_initializers
    Feature record: CXX_FEATURE:0cxx_alias_templates
    Feature record: CXX_FEATURE:0cxx_alignas
    Feature record: CXX_FEATURE:0cxx_alignof
    Feature record: CXX_FEATURE:0cxx_attributes
    Feature record: CXX_FEATURE:0cxx_attribute_deprecated
    Feature record: CXX_FEATURE:0cxx_auto_type
    Feature record: CXX_FEATURE:0cxx_binary_literals
    Feature record: CXX_FEATURE:0cxx_constexpr
    Feature record: CXX_FEATURE:0cxx_contextual_conversions
    Feature record: CXX_FEATURE:0cxx_decltype
    Feature record: CXX_FEATURE:0cxx_decltype_auto
    Feature record: CXX_FEATURE:0cxx_decltype_incomplete_return_types
    Feature record: CXX_FEATURE:0cxx_default_function_template_args
    Feature record: CXX_FEATURE:0cxx_defaulted_functions
    Feature record: CXX_FEATURE:0cxx_defaulted_move_initializers
    Feature record: CXX_FEATURE:0cxx_delegating_constructors
    Feature record: CXX_FEATURE:0cxx_deleted_functions
    Feature record: CXX_FEATURE:0cxx_digit_separators
    Feature record: CXX_FEATURE:0cxx_enum_forward_declarations
    Feature record: CXX_FEATURE:0cxx_explicit_conversions
    Feature record: CXX_FEATURE:0cxx_extended_friend_declarations
    Feature record: CXX_FEATURE:0cxx_extern_templates
    Feature record: CXX_FEATURE:0cxx_final
    Feature record: CXX_FEATURE:0cxx_func_identifier
    Feature record: CXX_FEATURE:0cxx_generalized_initializers
    Feature record: CXX_FEATURE:0cxx_generic_lambdas
    Feature record: CXX_FEATURE:0cxx_inheriting_constructors
    Feature record: CXX_FEATURE:0cxx_inline_namespaces
    Feature record: CXX_FEATURE:0cxx_lambdas
    Feature record: CXX_FEATURE:0cxx_lambda_init_captures
    Feature record: CXX_FEATURE:0cxx_local_type_template_args
    Feature record: CXX_FEATURE:0cxx_long_long_type
    Feature record: CXX_FEATURE:0cxx_noexcept
    Feature record: CXX_FEATURE:0cxx_nonstatic_member_init
    Feature record: CXX_FEATURE:0cxx_nullptr
    Feature record: CXX_FEATURE:0cxx_override
    Feature record: CXX_FEATURE:0cxx_range_for
    Feature record: CXX_FEATURE:0cxx_raw_string_literals
    Feature record: CXX_FEATURE:0cxx_reference_qualified_functions
    Feature record: CXX_FEATURE:0cxx_relaxed_constexpr
    Feature record: CXX_FEATURE:0cxx_return_type_deduction
    Feature record: CXX_FEATURE:0cxx_right_angle_brackets
    Feature record: CXX_FEATURE:0cxx_rvalue_references
    Feature record: CXX_FEATURE:0cxx_sizeof_member
    Feature record: CXX_FEATURE:0cxx_static_assert
    Feature record: CXX_FEATURE:0cxx_strong_enums
    Feature record: CXX_FEATURE:1cxx_template_template_parameters
    Feature record: CXX_FEATURE:0cxx_thread_local
    Feature record: CXX_FEATURE:0cxx_trailing_return_types
    Feature record: CXX_FEATURE:0cxx_unicode_literals
    Feature record: CXX_FEATURE:0cxx_uniform_initialization
    Feature record: CXX_FEATURE:0cxx_unrestricted_unions
    Feature record: CXX_FEATURE:0cxx_user_literals
    Feature record: CXX_FEATURE:0cxx_variable_templates
    Feature record: CXX_FEATURE:0cxx_variadic_macros
    Feature record: CXX_FEATURE:0cxx_variadic_templates
